TN:
SF:script/BuyEarth.s.sol
DA:10,1
FN:10,BuyEarthScript.setUp
FNDA:1,BuyEarthScript.setUp
DA:12,2
FN:12,BuyEarthScript.run
FNDA:2,BuyEarthScript.run
DA:13,2
DA:14,2
DA:16,2
DA:18,2
DA:20,2
DA:21,2
FNF:2
FNH:2
LF:8
LH:8
BRF:0
BRH:0
end_of_record
TN:
SF:src/BuyEarth.sol
DA:17,8
FN:17,BuyEarth.onlyOwner
FNDA:8,BuyEarth.onlyOwner
DA:18,8
BRDA:18,0,0,-
BRDA:18,0,1,20
DA:22,38
FN:22,BuyEarth.constructor
FNDA:38,BuyEarth.constructor
DA:23,38
DA:26,2022
FN:26,BuyEarth.getSquares
FNDA:2022,BuyEarth.getSquares
DA:27,2022
DA:28,2022
DA:29,202200
DA:31,2022
DA:34,12
FN:34,BuyEarth.buySquare
FNDA:12,BuyEarth.buySquare
DA:36,12
BRDA:36,1,0,1
BRDA:36,1,1,11
DA:37,11
BRDA:37,2,0,1
BRDA:37,2,1,10
DA:38,10
BRDA:38,3,0,1
BRDA:38,3,1,9
DA:39,9
DA:42,9
DA:43,9
DA:46,9
BRDA:46,4,0,2
DA:47,2
DA:48,2
BRDA:48,5,0,1
BRDA:48,5,1,1
DA:50,8
DA:51,8
BRDA:51,6,0,3
BRDA:51,6,1,5
DA:54,13
FN:54,BuyEarth.deposit
FNDA:13,BuyEarth.deposit
DA:55,17
BRDA:55,7,0,1
BRDA:55,7,1,16
DA:58,16
BRDA:58,8,0,14
DA:59,14
DA:62,16
DA:63,16
DA:66,20
FN:66,BuyEarth.withdrawTo
FNDA:20,BuyEarth.withdrawTo
DA:67,20
BRDA:67,9,0,1
BRDA:67,9,1,19
DA:68,19
DA:71,19
BRDA:71,10,0,3
BRDA:71,10,1,16
DA:72,16
BRDA:72,11,0,6
BRDA:72,11,1,10
DA:74,10
DA:75,10
DA:76,11
DA:79,10
DA:80,10
BRDA:80,12,0,-
BRDA:80,12,1,10
DA:83,8
FN:83,BuyEarth.setOwner
FNDA:8,BuyEarth.setOwner
DA:84,8
BRDA:84,13,0,1
BRDA:84,13,1,7
DA:85,7
DA:86,7
DA:89,4
FN:89,BuyEarth.getOwner
FNDA:4,BuyEarth.getOwner
DA:90,4
DA:93,9
FN:93,BuyEarth.getColor
FNDA:9,BuyEarth.getColor
DA:94,9
DA:97,8
FN:97,BuyEarth.setColor
FNDA:8,BuyEarth.setColor
DA:98,5
BRDA:98,14,0,1
BRDA:98,14,1,4
DA:99,4
DA:100,4
DA:103,16
FN:103,BuyEarth.getUserDeposits
FNDA:16,BuyEarth.getUserDeposits
DA:104,16
DA:107,10
FN:107,BuyEarth._getAllDepositors
FNDA:10,BuyEarth._getAllDepositors
DA:108,10
DA:111,4
FN:111,BuyEarth.receive
FNDA:4,BuyEarth.receive
DA:112,4
DA:113,4
FNF:13
FNH:13
LF:56
LH:56
BRF:28
BRH:26
end_of_record
